<?xml version="1.0" encoding="UTF-8"?>
<robot generator="Robot 6.1.1 (Python 3.11.3 on win32)" generated="20231127 10:24:33.192" rpa="false" schemaversion="4">
<suite id="s1" name="Test007 OrderedProductPrice" source="C:\Users\kiran patil\PycharmProjects\robot framework_sauce\testcases\Test007_OrderedProductPrice.robot">
<test id="s1-t1" name="Tc017 verify price of product without adding product to cart" line="20">
<kw name="Open my Browser" library="LoginKeword">
<arg>${siteurl}</arg>
<arg>${browser}</arg>
<kw name="Open Browser" library="SeleniumLibrary">
<arg>${siteurl}</arg>
<arg>${browser}</arg>
<doc>Opens a new browser instance to the optional ``url``.</doc>
<msg timestamp="20231127 10:24:35.630" level="INFO">Opening browser 'chrome' to base url 'https://www.sauceDemo.com'.</msg>
<msg timestamp="20231127 10:24:52.886" level="INFO" html="true">&lt;/td&gt;&lt;/tr&gt;&lt;tr&gt;&lt;td colspan="3"&gt;&lt;a href="selenium-screenshot-22.png"&gt;&lt;img src="selenium-screenshot-22.png" width="800px"&gt;&lt;/a&gt;</msg>
<msg timestamp="20231127 10:24:52.886" level="FAIL">WebDriverException: Message: unknown error: net::ERR_INTERNET_DISCONNECTED
  (Session info: chrome=119.0.6045.160)
Stacktrace:
	GetHandleVerifier [0x00007FF6BFA382B2+55298]
	(No symbol) [0x00007FF6BF9A5E02]
	(No symbol) [0x00007FF6BF8605AB]
	(No symbol) [0x00007FF6BF85C353]
	(No symbol) [0x00007FF6BF84F4CC]
	(No symbol) [0x00007FF6BF850714]
	(No symbol) [0x00007FF6BF84F8DF]
	(No symbol) [0x00007FF6BF84E803]
	(No symbol) [0x00007FF6BF84E7A8]
	(No symbol) [0x00007FF6BF84CF0E]
	(No symbol) [0x00007FF6BF84D803]
	(No symbol) [0x00007FF6BF8629BF]
	(No symbol) [0x00007FF6BF8DAE27]
	(No symbol) [0x00007FF6BF8C20AA]
	(No symbol) [0x00007FF6BF8DAAA4]
	(No symbol) [0x00007FF6BF8C1E83]
	(No symbol) [0x00007FF6BF89670A]
	(No symbol) [0x00007FF6BF897964]
	GetHandleVerifier [0x00007FF6BFDB0AAB+3694587]
	GetHandleVerifier [0x00007FF6BFE0728E+4048862]
	GetHandleVerifier [0x00007FF6BFDFF173+4015811]
	GetHandleVerifier [0x00007FF6BFAD47D6+695590]
	(No symbol) [0x00007FF6BF9B0CE8]
	(No symbol) [0x00007FF6BF9ACF34]
	(No symbol) [0x00007FF6BF9AD062]
	(No symbol) [0x00007FF6BF99D3A3]
	BaseThreadInitThunk [0x00007FFF6FDD7614+20]
	RtlUserThreadStart [0x00007FFF710026B1+33]
</msg>
<status status="FAIL" starttime="20231127 10:24:35.630" endtime="20231127 10:24:53.790"/>
</kw>
<status status="FAIL" starttime="20231127 10:24:35.630" endtime="20231127 10:24:53.790"/>
</kw>
<kw name="Enter Username" library="LoginKeword">
<arg>${user}</arg>
<status status="NOT RUN" starttime="20231127 10:24:53.790" endtime="20231127 10:24:53.798"/>
</kw>
<kw name="Enter Password" library="LoginKeword">
<arg>${pwd}</arg>
<status status="NOT RUN" starttime="20231127 10:24:53.798" endtime="20231127 10:24:53.798"/>
</kw>
<kw name="click signIn" library="LoginKeword">
<status status="NOT RUN" starttime="20231127 10:24:53.798" endtime="20231127 10:24:53.798"/>
</kw>
<kw name="click drp_sortProduct" library="CartKeword">
<arg>2</arg>
<status status="NOT RUN" starttime="20231127 10:24:53.798" endtime="20231127 10:24:53.798"/>
</kw>
<kw name="click cartlink" library="CartKeword">
<status status="NOT RUN" starttime="20231127 10:24:53.798" endtime="20231127 10:24:53.798"/>
</kw>
<kw name="click checkout button" library="CartKeword">
<status status="NOT RUN" starttime="20231127 10:24:53.806" endtime="20231127 10:24:53.806"/>
</kw>
<kw name="Enter Firstname" library="CheckoutKeword">
<arg>${firstName}</arg>
<status status="NOT RUN" starttime="20231127 10:24:53.806" endtime="20231127 10:24:53.806"/>
</kw>
<kw name="Enter Lastname" library="CheckoutKeword">
<arg>${lastName}</arg>
<status status="NOT RUN" starttime="20231127 10:24:53.806" endtime="20231127 10:24:53.806"/>
</kw>
<kw name="Enter Postalcode" library="CheckoutKeword">
<arg>${postalcode}</arg>
<status status="NOT RUN" starttime="20231127 10:24:53.806" endtime="20231127 10:24:53.806"/>
</kw>
<kw name="click continue button" library="CheckoutKeword">
<status status="NOT RUN" starttime="20231127 10:24:53.815" endtime="20231127 10:24:53.815"/>
</kw>
<kw name="orderedProductPrice without tax" library="CheckoutKeword">
<arg>${NoproductPrice}</arg>
<status status="NOT RUN" starttime="20231127 10:24:53.815" endtime="20231127 10:24:53.815"/>
</kw>
<kw name="close my browser" library="LoginKeword">
<status status="NOT RUN" starttime="20231127 10:24:53.815" endtime="20231127 10:24:53.815"/>
</kw>
<status status="FAIL" starttime="20231127 10:24:35.630" endtime="20231127 10:24:53.815">WebDriverException: Message: unknown error: net::ERR_INTERNET_DISCONNECTED
  (Session info: chrome=119.0.6045.160)
Stacktrace:
	GetHandleVerifier [0x00007FF6BFA382B2+55298]
	(No symbol) [0x00007FF6BF9A5E02]
	(No symbol) [0x00007FF6BF8605AB]
	(No symbol) [0x00007FF6BF85C353]
	(No symbol) [0x00007FF6BF84F4CC]
	(No symbol) [0x00007FF6BF850714]
	(No symbol) [0x00007FF6BF84F8DF]
	(No symbol) [0x00007FF6BF84E803]
	(No symbol) [0x00007FF6BF84E7A8]
	(No symbol) [0x00007FF6BF84CF0E]
	(No symbol) [0x00007FF6BF84D803]
	(No symbol) [0x00007FF6BF8629BF]
	(No symbol) [0x00007FF6BF8DAE27]
	(No symbol) [0x00007FF6BF8C20AA]
	(No symbol) [0x00007FF6BF8DAAA4]
	(No symbol) [0x00007FF6BF8C1E83]
	(No symbol) [0x00007FF6BF89670A]
	(No symbol) [0x00007FF6BF897964]
	GetHandleVerifier [0x00007FF6BFDB0AAB+3694587]
	GetHandleVerifier [0x00007FF6BFE0728E+4048862]
	GetHandleVerifier [0x00007FF6BFDFF173+4015811]
	GetHandleVerifier [0x00007FF6BFAD47D6+695590]
	(No symbol) [0x00007FF6BF9B0CE8]
	(No symbol) [0x00007FF6BF9ACF34]
	(No symbol) [0x00007FF6BF9AD062]
	(No symbol) [0x00007FF6BF99D3A3]
	BaseThreadInitThunk [0x00007FFF6FDD7614+20]
	RtlUserThreadStart [0x00007FFF710026B1+33]
</status>
</test>
<test id="s1-t2" name="Tc018 verify price of product with adding product to cart" line="35">
<kw name="Open my Browser" library="LoginKeword">
<arg>${siteurl}</arg>
<arg>${browser}</arg>
<kw name="Open Browser" library="SeleniumLibrary">
<arg>${siteurl}</arg>
<arg>${browser}</arg>
<doc>Opens a new browser instance to the optional ``url``.</doc>
<msg timestamp="20231127 10:24:53.839" level="INFO">Opening browser 'chrome' to base url 'https://www.sauceDemo.com'.</msg>
<status status="PASS" starttime="20231127 10:24:53.831" endtime="20231127 10:25:13.066"/>
</kw>
<status status="PASS" starttime="20231127 10:24:53.831" endtime="20231127 10:25:13.066"/>
</kw>
<kw name="Enter Username" library="LoginKeword">
<arg>${user}</arg>
<kw name="Input Text" library="SeleniumLibrary">
<arg>${txt_login_username}</arg>
<arg>${username}</arg>
<doc>Types the given ``text`` into the text field identified by ``locator``.</doc>
<msg timestamp="20231127 10:25:13.074" level="INFO">Typing text 'standard_user' into text field 'xpath://input[@id='user-name']'.</msg>
<status status="PASS" starttime="20231127 10:25:13.074" endtime="20231127 10:25:14.431"/>
</kw>
<status status="PASS" starttime="20231127 10:25:13.074" endtime="20231127 10:25:14.431"/>
</kw>
<kw name="Enter Password" library="LoginKeword">
<arg>${pwd}</arg>
<kw name="Input Password" library="SeleniumLibrary">
<arg>${txt_login_password}</arg>
<arg>${password}</arg>
<doc>Types the given password into the text field identified by ``locator``.</doc>
<msg timestamp="20231127 10:25:14.431" level="INFO">Typing password into text field 'xpath://input[@id='password']'.</msg>
<msg timestamp="20231127 10:25:14.537" level="INFO">Temporally setting log level to: NONE</msg>
<msg timestamp="20231127 10:25:14.761" level="INFO">Log level changed from NONE to INFO.</msg>
<status status="PASS" starttime="20231127 10:25:14.431" endtime="20231127 10:25:14.761"/>
</kw>
<status status="PASS" starttime="20231127 10:25:14.431" endtime="20231127 10:25:14.761"/>
</kw>
<kw name="click signIn" library="LoginKeword">
<kw name="Click Button" library="SeleniumLibrary">
<arg>${login_sign_In}</arg>
<doc>Clicks the button identified by ``locator``.</doc>
<msg timestamp="20231127 10:25:14.765" level="INFO">Clicking button 'xpath://input[@id='login-button']'.</msg>
<status status="PASS" starttime="20231127 10:25:14.763" endtime="20231127 10:25:18.917"/>
</kw>
<status status="PASS" starttime="20231127 10:25:14.761" endtime="20231127 10:25:18.984"/>
</kw>
<kw name="click drp_sortProduct" library="CartKeword">
<arg>2</arg>
<kw name="Select From List By Index" library="SeleniumLibrary">
<arg>${drp_Product_Sort}</arg>
<arg>${drp_lst}</arg>
<doc>Selects options from selection list ``locator`` by ``indexes``.</doc>
<msg timestamp="20231127 10:25:18.984" level="INFO">Selecting options from selection list 'xpath://select[@class='product_sort_container']' by index 2.</msg>
<status status="PASS" starttime="20231127 10:25:18.984" endtime="20231127 10:25:19.883"/>
</kw>
<status status="PASS" starttime="20231127 10:25:18.984" endtime="20231127 10:25:19.883"/>
</kw>
<kw name="click saucelabone" library="CartKeword">
<kw name="Click Element" library="SeleniumLibrary">
<arg>${pd_SauceLabOne}</arg>
<doc>Click the element identified by ``locator``.</doc>
<msg timestamp="20231127 10:25:19.890" level="INFO">Clicking element 'xpath://button[@id='add-to-cart-sauce-labs-onesie']'.</msg>
<status status="PASS" starttime="20231127 10:25:19.883" endtime="20231127 10:25:19.988"/>
</kw>
<status status="PASS" starttime="20231127 10:25:19.883" endtime="20231127 10:25:19.988"/>
</kw>
<kw name="click saucelabbackpack" library="CartKeword">
<kw name="Click Element" library="SeleniumLibrary">
<arg>${pd_sauceLabBackPack}</arg>
<doc>Click the element identified by ``locator``.</doc>
<msg timestamp="20231127 10:25:19.989" level="INFO">Clicking element 'xpath://button[@id='add-to-cart-sauce-labs-backpack']'.</msg>
<status status="PASS" starttime="20231127 10:25:19.989" endtime="20231127 10:25:20.072"/>
</kw>
<status status="PASS" starttime="20231127 10:25:19.989" endtime="20231127 10:25:20.072"/>
</kw>
<kw name="click cartlink" library="CartKeword">
<kw name="Click Link" library="SeleniumLibrary">
<arg>${cart_link}</arg>
<doc>Clicks a link identified by ``locator``.</doc>
<msg timestamp="20231127 10:25:20.079" level="INFO">Clicking link 'xpath://a[@class='shopping_cart_link']'.</msg>
<status status="PASS" starttime="20231127 10:25:20.079" endtime="20231127 10:25:20.184"/>
</kw>
<status status="PASS" starttime="20231127 10:25:20.079" endtime="20231127 10:25:20.184"/>
</kw>
<kw name="click checkout button" library="CartKeword">
<kw name="Click Element" library="SeleniumLibrary">
<arg>${checkout}</arg>
<doc>Click the element identified by ``locator``.</doc>
<msg timestamp="20231127 10:25:20.194" level="INFO">Clicking element 'xpath://button[@id='checkout']'.</msg>
<status status="PASS" starttime="20231127 10:25:20.194" endtime="20231127 10:25:20.308"/>
</kw>
<status status="PASS" starttime="20231127 10:25:20.192" endtime="20231127 10:25:20.308"/>
</kw>
<kw name="Enter Firstname" library="CheckoutKeword">
<arg>${firstName}</arg>
<kw name="Input Text" library="SeleniumLibrary">
<arg>${txt_Firstname}</arg>
<arg>${first_name}</arg>
<doc>Types the given ``text`` into the text field identified by ``locator``.</doc>
<msg timestamp="20231127 10:25:20.316" level="INFO">Typing text 'kiran' into text field 'xpath://input[@id='first-name']'.</msg>
<status status="PASS" starttime="20231127 10:25:20.316" endtime="20231127 10:25:20.495"/>
</kw>
<status status="PASS" starttime="20231127 10:25:20.308" endtime="20231127 10:25:20.495"/>
</kw>
<kw name="Enter Lastname" library="CheckoutKeword">
<arg>${lastName}</arg>
<kw name="Input Text" library="SeleniumLibrary">
<arg>${txt_lastname}</arg>
<arg>${last_name}</arg>
<doc>Types the given ``text`` into the text field identified by ``locator``.</doc>
<msg timestamp="20231127 10:25:20.495" level="INFO">Typing text 'patil' into text field 'xpath://input[@id='last-name']'.</msg>
<status status="PASS" starttime="20231127 10:25:20.495" endtime="20231127 10:25:20.666"/>
</kw>
<status status="PASS" starttime="20231127 10:25:20.495" endtime="20231127 10:25:20.666"/>
</kw>
<kw name="Enter Postalcode" library="CheckoutKeword">
<arg>${postalcode}</arg>
<kw name="Input Text" library="SeleniumLibrary">
<arg>${txt_Postalcode}</arg>
<arg>${postal_code}</arg>
<doc>Types the given ``text`` into the text field identified by ``locator``.</doc>
<msg timestamp="20231127 10:25:20.668" level="INFO">Typing text '1235' into text field ' xpath://input[@id='postal-code']'.</msg>
<status status="PASS" starttime="20231127 10:25:20.668" endtime="20231127 10:25:20.838"/>
</kw>
<status status="PASS" starttime="20231127 10:25:20.668" endtime="20231127 10:25:20.838"/>
</kw>
<kw name="click continue button" library="CheckoutKeword">
<kw name="Click Button" library="SeleniumLibrary">
<arg>${btn_continue}</arg>
<doc>Clicks the button identified by ``locator``.</doc>
<msg timestamp="20231127 10:25:20.838" level="INFO">Clicking button ' xpath://input[@id='continue']'.</msg>
<status status="PASS" starttime="20231127 10:25:20.838" endtime="20231127 10:25:20.980"/>
</kw>
<status status="PASS" starttime="20231127 10:25:20.838" endtime="20231127 10:25:20.980"/>
</kw>
<kw name="orderedProductPrice without tax" library="CheckoutKeword">
<arg>${pdPricewithNoTax}</arg>
<kw name="Get Text" library="SeleniumLibrary">
<var>${product_price}</var>
<arg>${orderedProduct_Price}</arg>
<doc>Returns the text value of the element identified by ``locator``.</doc>
<msg timestamp="20231127 10:25:21.210" level="INFO">${product_price} = Item total: $37.98</msg>
<status status="PASS" starttime="20231127 10:25:20.986" endtime="20231127 10:25:21.210"/>
</kw>
<kw name="Should Be Equal As Strings" library="BuiltIn">
<arg>${product_price}</arg>
<arg>${productexpected_Price}</arg>
<doc>Fails if objects are unequal after converting them to strings.</doc>
<status status="PASS" starttime="20231127 10:25:21.210" endtime="20231127 10:25:21.210"/>
</kw>
<status status="PASS" starttime="20231127 10:25:20.986" endtime="20231127 10:25:21.210"/>
</kw>
<kw name="close my browser" library="LoginKeword">
<kw name="Close Browser" library="SeleniumLibrary">
<doc>Closes the current browser.</doc>
<status status="PASS" starttime="20231127 10:25:21.210" endtime="20231127 10:25:23.920"/>
</kw>
<status status="PASS" starttime="20231127 10:25:21.210" endtime="20231127 10:25:23.920"/>
</kw>
<status status="PASS" starttime="20231127 10:24:53.831" endtime="20231127 10:25:23.960"/>
</test>
<status status="FAIL" starttime="20231127 10:24:33.208" endtime="20231127 10:25:24.076"/>
</suite>
<statistics>
<total>
<stat pass="1" fail="1" skip="0">All Tests</stat>
</total>
<tag>
</tag>
<suite>
<stat pass="1" fail="1" skip="0" id="s1" name="Test007 OrderedProductPrice">Test007 OrderedProductPrice</stat>
</suite>
</statistics>
<errors>
</errors>
</robot>
